<?xml version="1.0" encoding="UTF-8"?>
<!-- Generated by org.testng.reporters.JUnitXMLReporter -->
<testsuite ignored="0" hostname="Marjans-MacBook-Pro.local" failures="0" tests="2" name="Default test" time="12.254" errors="0" timestamp="2023-02-09T21:56:44 EST">
  <testcase classname="com.facebook_loginTestWithPageFactory.PageFactoryLoginTest" name="validPasswordTest" time="0.439"/>
  <testcase classname="com.facebook_loginTestWithPageFactory.PageFactoryLoginTest" name="validUserNameTest" time="0.342"/>
</testsuite> <!-- Default test -->
