<?xml version="1.0" encoding="UTF-8"?>
<testng-results ignored="0" total="2" passed="2" failed="0" skipped="0">
  <reporter-output>
  </reporter-output>
  <suite started-at="2023-02-09T21:56:32 EST" name="Default suite" finished-at="2023-02-09T21:56:44 EST" duration-ms="12254">
    <groups>
    </groups>
    <test started-at="2023-02-09T21:56:32 EST" name="Default test" finished-at="2023-02-09T21:56:44 EST" duration-ms="12254">
      <class name="com.facebook_loginTestWithPageFactory.PageFactoryLoginTest">
        <test-method is-config="true" signature="init()[pri:0, instance:com.facebook_loginTestWithPageFactory.PageFactoryLoginTest@1725dc0f]" started-at="2023-02-09T21:56:32 EST" name="init" finished-at="2023-02-09T21:56:38 EST" duration-ms="6255" status="PASS">
          <reporter-output>
          </reporter-output>
        </test-method> <!-- init -->
        <test-method signature="validPasswordTest()[pri:0, instance:com.facebook_loginTestWithPageFactory.PageFactoryLoginTest@1725dc0f]" started-at="2023-02-09T21:56:38 EST" name="validPasswordTest" finished-at="2023-02-09T21:56:39 EST" duration-ms="439" status="PASS">
          <reporter-output>
          </reporter-output>
        </test-method> <!-- validPasswordTest -->
        <test-method is-config="true" signature="closeApp()[pri:0, instance:com.facebook_loginTestWithPageFactory.PageFactoryLoginTest@1725dc0f]" started-at="2023-02-09T21:56:39 EST" name="closeApp" finished-at="2023-02-09T21:56:39 EST" duration-ms="439" status="PASS">
          <reporter-output>
          </reporter-output>
        </test-method> <!-- closeApp -->
        <test-method is-config="true" signature="init()[pri:0, instance:com.facebook_loginTestWithPageFactory.PageFactoryLoginTest@1725dc0f]" started-at="2023-02-09T21:56:39 EST" name="init" finished-at="2023-02-09T21:56:43 EST" duration-ms="4284" status="PASS">
          <reporter-output>
          </reporter-output>
        </test-method> <!-- init -->
        <test-method signature="validUserNameTest()[pri:0, instance:com.facebook_loginTestWithPageFactory.PageFactoryLoginTest@1725dc0f]" started-at="2023-02-09T21:56:43 EST" name="validUserNameTest" finished-at="2023-02-09T21:56:44 EST" duration-ms="342" status="PASS">
          <reporter-output>
          </reporter-output>
        </test-method> <!-- validUserNameTest -->
        <test-method is-config="true" signature="closeApp()[pri:0, instance:com.facebook_loginTestWithPageFactory.PageFactoryLoginTest@1725dc0f]" started-at="2023-02-09T21:56:44 EST" name="closeApp" finished-at="2023-02-09T21:56:44 EST" duration-ms="355" status="PASS">
          <reporter-output>
          </reporter-output>
        </test-method> <!-- closeApp -->
      </class> <!-- com.facebook_loginTestWithPageFactory.PageFactoryLoginTest -->
    </test> <!-- Default test -->
  </suite> <!-- Default suite -->
</testng-results>
